2020-04-21 09:26:57.346  INFO 25084 --- [main] cn.tedu.StarterProduct                   : No active profile set, falling back to default profiles: default
2020-04-21 09:26:57.359  INFO 25084 --- [main] ationConfigEmbeddedWebApplicationContext : Refreshing org.springframework.boot.context.embedded.AnnotationConfigEmbeddedWebApplicationContext@16414e40: startup date [Tue Apr 21 09:26:57 CST 2020]; parent: org.springframework.context.annotation.AnnotationConfigApplicationContext@158d2680
2020-04-21 09:26:58.036  INFO 25084 --- [main] .s.d.r.c.RepositoryConfigurationDelegate : Multiple Spring Data modules found, entering strict repository configuration mode!
2020-04-21 09:26:58.228  INFO 25084 --- [main] o.s.cloud.context.scope.GenericScope     : BeanFactory id=d66818f7-8020-3293-a00b-898dde9e2081
2020-04-21 09:26:58.253  INFO 25084 --- [main] f.a.AutowiredAnnotationBeanPostProcessor : JSR-330 'javax.inject.Inject' annotation found and supported for autowiring
2020-04-21 09:26:58.330  INFO 25084 --- [main] trationDelegate$BeanPostProcessorChecker : Bean 'org.springframework.cloud.autoconfigure.ConfigurationPropertiesRebinderAutoConfiguration' of type [org.springframework.cloud.autoconfigure.ConfigurationPropertiesRebinderAutoConfiguration$$EnhancerBySpringCGLIB$$dad278f3] is not eligible for getting processed by all BeanPostProcessors (for example: not eligible for auto-proxying)
2020-04-21 09:26:58.341  INFO 25084 --- [main] trationDelegate$BeanPostProcessorChecker : Bean 'org.springframework.transaction.annotation.ProxyTransactionManagementConfiguration' of type [org.springframework.transaction.annotation.ProxyTransactionManagementConfiguration$$EnhancerBySpringCGLIB$$beb875f6] is not eligible for getting processed by all BeanPostProcessors (for example: not eligible for auto-proxying)
2020-04-21 09:26:58.640  INFO 25084 --- [main] s.b.c.e.t.TomcatEmbeddedServletContainer : Tomcat initialized with port(s): 10001 (http)
2020-04-21 09:26:58.651  INFO 25084 --- [main] o.apache.catalina.core.StandardService   : Starting service [Tomcat]
2020-04-21 09:26:58.652  INFO 25084 --- [main] org.apache.catalina.core.StandardEngine  : Starting Servlet Engine: Apache Tomcat/8.5.23
2020-04-21 09:26:58.789  INFO 25084 --- [localhost-startStop-1] o.a.c.c.C.[Tomcat].[localhost].[/]       : Initializing Spring embedded WebApplicationContext
2020-04-21 09:26:58.790  INFO 25084 --- [localhost-startStop-1] o.s.web.context.ContextLoader            : Root WebApplicationContext: initialization completed in 1432 ms
2020-04-21 09:26:58.962  INFO 25084 --- [localhost-startStop-1] o.s.b.w.servlet.ServletRegistrationBean  : Mapping servlet: 'dispatcherServlet' to [/]
2020-04-21 09:26:58.970  INFO 25084 --- [localhost-startStop-1] o.s.b.w.servlet.FilterRegistrationBean   : Mapping filter: 'characterEncodingFilter' to: [/*]
2020-04-21 09:26:58.971  INFO 25084 --- [localhost-startStop-1] o.s.b.w.servlet.FilterRegistrationBean   : Mapping filter: 'hiddenHttpMethodFilter' to: [/*]
2020-04-21 09:26:58.971  INFO 25084 --- [localhost-startStop-1] o.s.b.w.servlet.FilterRegistrationBean   : Mapping filter: 'httpPutFormContentFilter' to: [/*]
2020-04-21 09:26:58.971  INFO 25084 --- [localhost-startStop-1] o.s.b.w.servlet.FilterRegistrationBean   : Mapping filter: 'requestContextFilter' to: [/*]
2020-04-21 09:27:00.540  INFO 25084 --- [main] o.s.s.concurrent.ThreadPoolTaskExecutor  : Initializing ExecutorService 
2020-04-21 09:27:00.723  WARN 25084 --- [main] c.n.c.sources.URLConfigurationSource     : No URLs will be polled as dynamic configuration sources.
2020-04-21 09:27:00.724  INFO 25084 --- [main] c.n.c.sources.URLConfigurationSource     : To enable URLs as dynamic configuration sources, define System property archaius.configurationSource.additionalUrls or make config.properties available on classpath.
2020-04-21 09:27:00.728  WARN 25084 --- [main] c.n.c.sources.URLConfigurationSource     : No URLs will be polled as dynamic configuration sources.
2020-04-21 09:27:00.729  INFO 25084 --- [main] c.n.c.sources.URLConfigurationSource     : To enable URLs as dynamic configuration sources, define System property archaius.configurationSource.additionalUrls or make config.properties available on classpath.
2020-04-21 09:27:00.990  INFO 25084 --- [main] s.w.s.m.m.a.RequestMappingHandlerAdapter : Looking for @ControllerAdvice: org.springframework.boot.context.embedded.AnnotationConfigEmbeddedWebApplicationContext@16414e40: startup date [Tue Apr 21 09:26:57 CST 2020]; parent: org.springframework.context.annotation.AnnotationConfigApplicationContext@158d2680
2020-04-21 09:27:01.054  INFO 25084 --- [main] s.w.s.m.m.a.RequestMappingHandlerMapping : Mapped "{[/product/manage/pageManage]}" onto public com.jt.common.vo.EasyUIResult cn.tedu.product.controller.ProductController.queryByPage(java.lang.Integer,java.lang.Integer)
2020-04-21 09:27:01.055  INFO 25084 --- [main] s.w.s.m.m.a.RequestMappingHandlerMapping : Mapped "{[/product/manage/update]}" onto public com.jt.common.vo.SysResult cn.tedu.product.controller.ProductController.editProduct(com.jt.common.pojo.Product)
2020-04-21 09:27:01.055  INFO 25084 --- [main] s.w.s.m.m.a.RequestMappingHandlerMapping : Mapped "{[/product/manage/save]}" onto public com.jt.common.vo.SysResult cn.tedu.product.controller.ProductController.addProduct(com.jt.common.pojo.Product)
2020-04-21 09:27:01.055  INFO 25084 --- [main] s.w.s.m.m.a.RequestMappingHandlerMapping : Mapped "{[/product/manage/item/{productId}]}" onto public com.jt.common.pojo.Product cn.tedu.product.controller.ProductController.queryOneProduct(java.lang.String)
2020-04-21 09:27:01.058  INFO 25084 --- [main] s.w.s.m.m.a.RequestMappingHandlerMapping : Mapped "{[/error]}" onto public org.springframework.http.ResponseEntity<java.util.Map<java.lang.String, java.lang.Object>> org.springframework.boot.autoconfigure.web.BasicErrorController.error(javax.servlet.http.HttpServletRequest)
2020-04-21 09:27:01.058  INFO 25084 --- [main] s.w.s.m.m.a.RequestMappingHandlerMapping : Mapped "{[/error],produces=[text/html]}" onto public org.springframework.web.servlet.ModelAndView org.springframework.boot.autoconfigure.web.BasicErrorController.errorHtml(javax.servlet.http.HttpServletRequest,javax.servlet.http.HttpServletResponse)
2020-04-21 09:27:01.092  INFO 25084 --- [main] o.s.w.s.handler.SimpleUrlHandlerMapping  : Mapped URL path [/webjars/**] onto handler of type [class org.springframework.web.servlet.resource.ResourceHttpRequestHandler]
2020-04-21 09:27:01.092  INFO 25084 --- [main] o.s.w.s.handler.SimpleUrlHandlerMapping  : Mapped URL path [/**] onto handler of type [class org.springframework.web.servlet.resource.ResourceHttpRequestHandler]
2020-04-21 09:27:01.129  INFO 25084 --- [main] o.s.w.s.handler.SimpleUrlHandlerMapping  : Mapped URL path [/**/favicon.ico] onto handler of type [class org.springframework.web.servlet.resource.ResourceHttpRequestHandler]
